<?xml version="1.0" encoding="UTF-8" ?>
<testsuite failures="0" time="0.163" errors="0" skipped="0" tests="11" name="co.nubetech.crux.server.filter.types.TestSubBinarySuffixComparator">
  <properties>
    <property name="java.runtime.name" value="OpenJDK Runtime Environment"/>
    <property name="sun.boot.library.path" value="/usr/lib/jvm/java-6-openjdk/jre/lib/amd64"/>
    <property name="java.vm.version" value="20.0-b11"/>
    <property name="java.vm.vendor" value="Sun Microsystems Inc."/>
    <property name="java.vendor.url" value="http://java.sun.com/"/>
    <property name="path.separator" value=":"/>
    <property name="java.vm.name" value="OpenJDK 64-Bit Server VM"/>
    <property name="file.encoding.pkg" value="sun.io"/>
    <property name="user.country" value="US"/>
    <property name="sun.java.launcher" value="SUN_STANDARD"/>
    <property name="sun.os.patch.level" value="unknown"/>
    <property name="java.vm.specification.name" value="Java Virtual Machine Specification"/>
    <property name="user.dir" value="/home/shivang/crux"/>
    <property name="java.runtime.version" value="1.6.0_22-b22"/>
    <property name="java.awt.graphicsenv" value="sun.awt.X11GraphicsEnvironment"/>
    <property name="basedir" value="/home/shivang/crux"/>
    <property name="java.endorsed.dirs" value="/usr/lib/jvm/java-6-openjdk/jre/lib/endorsed"/>
    <property name="os.arch" value="amd64"/>
    <property name="surefire.real.class.path" value="/tmp/surefirebooter5490268275188652732.jar"/>
    <property name="java.io.tmpdir" value="/tmp"/>
    <property name="line.separator" value="
"/>
    <property name="java.vm.specification.vendor" value="Sun Microsystems Inc."/>
    <property name="os.name" value="Linux"/>
    <property name="sun.jnu.encoding" value="UTF-8"/>
    <property name="java.library.path" value="/usr/lib/jvm/java-6-openjdk/jre/lib/amd64/server:/usr/lib/jvm/java-6-openjdk/jre/lib/amd64:/usr/lib/jvm/java-6-openjdk/jre/../lib/amd64:/usr/java/packages/lib/amd64:/usr/lib/x86_64-linux-gnu/jni:/lib/x86_64-linux-gnu:/usr/lib/x86_64-linux-gnu:/usr/lib/jni:/lib:/usr/lib"/>
    <property name="surefire.test.class.path" value="/home/shivang/crux/target/test-classes:/home/shivang/crux/target/classes:/home/shivang/.m2/repository/org/apache/hbase/hbase/0.90.3/hbase-0.90.3.jar:/home/shivang/.m2/repository/com/google/guava/guava/r06/guava-r06.jar:/home/shivang/.m2/repository/commons-cli/commons-cli/1.2/commons-cli-1.2.jar:/home/shivang/.m2/repository/commons-codec/commons-codec/1.4/commons-codec-1.4.jar:/home/shivang/.m2/repository/commons-httpclient/commons-httpclient/3.1/commons-httpclient-3.1.jar:/home/shivang/.m2/repository/commons-logging/commons-logging/1.1.1/commons-logging-1.1.1.jar:/home/shivang/.m2/repository/commons-lang/commons-lang/2.5/commons-lang-2.5.jar:/home/shivang/.m2/repository/log4j/log4j/1.2.16/log4j-1.2.16.jar:/home/shivang/.m2/repository/org/apache/hadoop/avro/1.3.3/avro-1.3.3.jar:/home/shivang/.m2/repository/org/codehaus/jackson/jackson-mapper-asl/1.4.2/jackson-mapper-asl-1.4.2.jar:/home/shivang/.m2/repository/org/codehaus/jackson/jackson-core-asl/1.5.5/jackson-core-asl-1.5.5.jar:/home/shivang/.m2/repository/org/slf4j/slf4j-api/1.5.8/slf4j-api-1.5.8.jar:/home/shivang/.m2/repository/org/mortbay/jetty/jetty/6.1.26/jetty-6.1.26.jar:/home/shivang/.m2/repository/org/mortbay/jetty/jetty-util/6.1.26/jetty-util-6.1.26.jar:/home/shivang/.m2/repository/org/apache/hadoop/hadoop-core/0.20-append-r1056497/hadoop-core-0.20-append-r1056497.jar:/home/shivang/.m2/repository/xmlenc/xmlenc/0.52/xmlenc-0.52.jar:/home/shivang/.m2/repository/commons-net/commons-net/1.4.1/commons-net-1.4.1.jar:/home/shivang/.m2/repository/tomcat/jasper-runtime/5.5.23/jasper-runtime-5.5.23.jar:/home/shivang/.m2/repository/tomcat/jasper-compiler/5.5.23/jasper-compiler-5.5.23.jar:/home/shivang/.m2/repository/org/mortbay/jetty/jsp-api-2.1/6.1.14/jsp-api-2.1-6.1.14.jar:/home/shivang/.m2/repository/org/mortbay/jetty/servlet-api-2.5/6.1.14/servlet-api-2.5-6.1.14.jar:/home/shivang/.m2/repository/org/mortbay/jetty/jsp-2.1/6.1.14/jsp-2.1-6.1.14.jar:/home/shivang/.m2/repository/commons-el/commons-el/1.0/commons-el-1.0.jar:/home/shivang/.m2/repository/org/apache/zookeeper/zookeeper/3.3.2/zookeeper-3.3.2.jar:/home/shivang/.m2/repository/org/apache/thrift/thrift/0.2.0/thrift-0.2.0.jar:/home/shivang/.m2/repository/org/jruby/jruby-complete/1.6.0/jruby-complete-1.6.0.jar:/home/shivang/.m2/repository/org/eclipse/jdt/core/3.1.1/core-3.1.1.jar:/home/shivang/.m2/repository/org/slf4j/slf4j-log4j12/1.5.8/slf4j-log4j12-1.5.8.jar:/home/shivang/.m2/repository/com/google/protobuf/protobuf-java/2.3.0/protobuf-java-2.3.0.jar:/home/shivang/.m2/repository/com/sun/jersey/jersey-core/1.4/jersey-core-1.4.jar:/home/shivang/.m2/repository/com/sun/jersey/jersey-json/1.4/jersey-json-1.4.jar:/home/shivang/.m2/repository/org/codehaus/jettison/jettison/1.1/jettison-1.1.jar:/home/shivang/.m2/repository/stax/stax-api/1.0.1/stax-api-1.0.1.jar:/home/shivang/.m2/repository/com/sun/xml/bind/jaxb-impl/2.1.12/jaxb-impl-2.1.12.jar:/home/shivang/.m2/repository/javax/xml/bind/jaxb-api/2.1/jaxb-api-2.1.jar:/home/shivang/.m2/repository/javax/activation/activation/1.1/activation-1.1.jar:/home/shivang/.m2/repository/org/codehaus/jackson/jackson-jaxrs/1.5.5/jackson-jaxrs-1.5.5.jar:/home/shivang/.m2/repository/org/codehaus/jackson/jackson-xc/1.5.5/jackson-xc-1.5.5.jar:/home/shivang/.m2/repository/com/sun/jersey/jersey-server/1.4/jersey-server-1.4.jar:/home/shivang/.m2/repository/asm/asm/3.1/asm-3.1.jar:/home/shivang/.m2/repository/javax/ws/rs/jsr311-api/1.1.1/jsr311-api-1.1.1.jar:/home/shivang/.m2/repository/org/apache/hbase/hbase/0.90.3/hbase-0.90.3-tests.jar:/home/shivang/.m2/repository/org/apache/hadoop/hadoop-test/0.20.2/hadoop-test-0.20.2.jar:/home/shivang/.m2/repository/org/apache/ftpserver/ftplet-api/1.0.0/ftplet-api-1.0.0.jar:/home/shivang/.m2/repository/org/apache/mina/mina-core/2.0.0-M5/mina-core-2.0.0-M5.jar:/home/shivang/.m2/repository/org/apache/ftpserver/ftpserver-core/1.0.0/ftpserver-core-1.0.0.jar:/home/shivang/.m2/repository/org/apache/ftpserver/ftpserver-deprecated/1.0.0-M2/ftpserver-deprecated-1.0.0-M2.jar:/home/shivang/.m2/repository/commons-pool/commons-pool/1.5.6/commons-pool-1.5.6.jar:/home/shivang/.m2/repository/org/mockito/mockito-core/1.8.5/mockito-core-1.8.5.jar:/home/shivang/.m2/repository/org/hamcrest/hamcrest-core/1.1/hamcrest-core-1.1.jar:/home/shivang/.m2/repository/org/objenesis/objenesis/1.0/objenesis-1.0.jar:/home/shivang/.m2/repository/org/hibernate/hibernate-core/3.6.7.Final/hibernate-core-3.6.7.Final.jar:/home/shivang/.m2/repository/antlr/antlr/2.7.6/antlr-2.7.6.jar:/home/shivang/.m2/repository/commons-collections/commons-collections/3.1/commons-collections-3.1.jar:/home/shivang/.m2/repository/dom4j/dom4j/1.6.1/dom4j-1.6.1.jar:/home/shivang/.m2/repository/org/hibernate/hibernate-commons-annotations/3.2.0.Final/hibernate-commons-annotations-3.2.0.Final.jar:/home/shivang/.m2/repository/org/hibernate/javax/persistence/hibernate-jpa-2.0-api/1.0.1.Final/hibernate-jpa-2.0-api-1.0.1.Final.jar:/home/shivang/.m2/repository/javax/transaction/jta/1.1/jta-1.1.jar:/home/shivang/.m2/repository/com/google/code/struts2-fullhibernatecore-plugin/1.4-GA/struts2-fullhibernatecore-plugin-1.4-GA.jar:/home/shivang/.m2/repository/org/apache/struts/struts2-core/2.2.3/struts2-core-2.2.3.jar:/home/shivang/.m2/repository/org/apache/struts/xwork/xwork-core/2.2.3/xwork-core-2.2.3.jar:/home/shivang/.m2/repository/ognl/ognl/3.0.1/ognl-3.0.1.jar:/home/shivang/.m2/repository/javassist/javassist/3.11.0.GA/javassist-3.11.0.GA.jar:/home/shivang/.m2/repository/asm/asm-commons/3.1/asm-commons-3.1.jar:/home/shivang/.m2/repository/asm/asm-tree/3.1/asm-tree-3.1.jar:/home/shivang/.m2/repository/org/freemarker/freemarker/2.3.16/freemarker-2.3.16.jar:/home/shivang/.m2/repository/commons-fileupload/commons-fileupload/1.2.2/commons-fileupload-1.2.2.jar:/home/shivang/.m2/repository/commons-io/commons-io/2.0.1/commons-io-2.0.1.jar:/usr/lib/jvm/java-6-openjdk/jre/../lib/tools.jar:/home/shivang/.m2/repository/org/apache/struts/struts2-json-plugin/2.2.3/struts2-json-plugin-2.2.3.jar:/home/shivang/.m2/repository/junit/junit/4.10/junit-4.10.jar:/home/shivang/.m2/repository/mysql/mysql-connector-java/5.1.17/mysql-connector-java-5.1.17.jar:/home/shivang/.m2/repository/org/hibernate/hibernate-c3p0/3.6.7.Final/hibernate-c3p0-3.6.7.Final.jar:/home/shivang/.m2/repository/c3p0/c3p0/0.9.1/c3p0-0.9.1.jar:/home/shivang/.m2/repository/net/sf/ehcache/ehcache-core/2.4.5/ehcache-core-2.4.5.jar:/home/shivang/.m2/repository/org/hibernate/hibernate-validator/3.1.0.GA/hibernate-validator-3.1.0.GA.jar:"/>
    <property name="java.specification.name" value="Java Platform API Specification"/>
    <property name="java.class.version" value="50.0"/>
    <property name="sun.management.compiler" value="HotSpot 64-Bit Tiered Compilers"/>
    <property name="os.version" value="2.6.38-15-generic"/>
    <property name="user.home" value="/home/shivang"/>
    <property name="user.timezone" value="Asia/Kolkata"/>
    <property name="java.awt.printerjob" value="sun.print.PSPrinterJob"/>
    <property name="file.encoding" value="UTF-8"/>
    <property name="java.specification.version" value="1.6"/>
    <property name="user.name" value="shivang"/>
    <property name="java.class.path" value="/home/shivang/crux/target/test-classes:/home/shivang/crux/target/classes:/home/shivang/.m2/repository/org/apache/hbase/hbase/0.90.3/hbase-0.90.3.jar:/home/shivang/.m2/repository/com/google/guava/guava/r06/guava-r06.jar:/home/shivang/.m2/repository/commons-cli/commons-cli/1.2/commons-cli-1.2.jar:/home/shivang/.m2/repository/commons-codec/commons-codec/1.4/commons-codec-1.4.jar:/home/shivang/.m2/repository/commons-httpclient/commons-httpclient/3.1/commons-httpclient-3.1.jar:/home/shivang/.m2/repository/commons-logging/commons-logging/1.1.1/commons-logging-1.1.1.jar:/home/shivang/.m2/repository/commons-lang/commons-lang/2.5/commons-lang-2.5.jar:/home/shivang/.m2/repository/log4j/log4j/1.2.16/log4j-1.2.16.jar:/home/shivang/.m2/repository/org/apache/hadoop/avro/1.3.3/avro-1.3.3.jar:/home/shivang/.m2/repository/org/codehaus/jackson/jackson-mapper-asl/1.4.2/jackson-mapper-asl-1.4.2.jar:/home/shivang/.m2/repository/org/codehaus/jackson/jackson-core-asl/1.5.5/jackson-core-asl-1.5.5.jar:/home/shivang/.m2/repository/org/slf4j/slf4j-api/1.5.8/slf4j-api-1.5.8.jar:/home/shivang/.m2/repository/org/mortbay/jetty/jetty/6.1.26/jetty-6.1.26.jar:/home/shivang/.m2/repository/org/mortbay/jetty/jetty-util/6.1.26/jetty-util-6.1.26.jar:/home/shivang/.m2/repository/org/apache/hadoop/hadoop-core/0.20-append-r1056497/hadoop-core-0.20-append-r1056497.jar:/home/shivang/.m2/repository/xmlenc/xmlenc/0.52/xmlenc-0.52.jar:/home/shivang/.m2/repository/commons-net/commons-net/1.4.1/commons-net-1.4.1.jar:/home/shivang/.m2/repository/tomcat/jasper-runtime/5.5.23/jasper-runtime-5.5.23.jar:/home/shivang/.m2/repository/tomcat/jasper-compiler/5.5.23/jasper-compiler-5.5.23.jar:/home/shivang/.m2/repository/org/mortbay/jetty/jsp-api-2.1/6.1.14/jsp-api-2.1-6.1.14.jar:/home/shivang/.m2/repository/org/mortbay/jetty/servlet-api-2.5/6.1.14/servlet-api-2.5-6.1.14.jar:/home/shivang/.m2/repository/org/mortbay/jetty/jsp-2.1/6.1.14/jsp-2.1-6.1.14.jar:/home/shivang/.m2/repository/commons-el/commons-el/1.0/commons-el-1.0.jar:/home/shivang/.m2/repository/org/apache/zookeeper/zookeeper/3.3.2/zookeeper-3.3.2.jar:/home/shivang/.m2/repository/org/apache/thrift/thrift/0.2.0/thrift-0.2.0.jar:/home/shivang/.m2/repository/org/jruby/jruby-complete/1.6.0/jruby-complete-1.6.0.jar:/home/shivang/.m2/repository/org/eclipse/jdt/core/3.1.1/core-3.1.1.jar:/home/shivang/.m2/repository/org/slf4j/slf4j-log4j12/1.5.8/slf4j-log4j12-1.5.8.jar:/home/shivang/.m2/repository/com/google/protobuf/protobuf-java/2.3.0/protobuf-java-2.3.0.jar:/home/shivang/.m2/repository/com/sun/jersey/jersey-core/1.4/jersey-core-1.4.jar:/home/shivang/.m2/repository/com/sun/jersey/jersey-json/1.4/jersey-json-1.4.jar:/home/shivang/.m2/repository/org/codehaus/jettison/jettison/1.1/jettison-1.1.jar:/home/shivang/.m2/repository/stax/stax-api/1.0.1/stax-api-1.0.1.jar:/home/shivang/.m2/repository/com/sun/xml/bind/jaxb-impl/2.1.12/jaxb-impl-2.1.12.jar:/home/shivang/.m2/repository/javax/xml/bind/jaxb-api/2.1/jaxb-api-2.1.jar:/home/shivang/.m2/repository/javax/activation/activation/1.1/activation-1.1.jar:/home/shivang/.m2/repository/org/codehaus/jackson/jackson-jaxrs/1.5.5/jackson-jaxrs-1.5.5.jar:/home/shivang/.m2/repository/org/codehaus/jackson/jackson-xc/1.5.5/jackson-xc-1.5.5.jar:/home/shivang/.m2/repository/com/sun/jersey/jersey-server/1.4/jersey-server-1.4.jar:/home/shivang/.m2/repository/asm/asm/3.1/asm-3.1.jar:/home/shivang/.m2/repository/javax/ws/rs/jsr311-api/1.1.1/jsr311-api-1.1.1.jar:/home/shivang/.m2/repository/org/apache/hbase/hbase/0.90.3/hbase-0.90.3-tests.jar:/home/shivang/.m2/repository/org/apache/hadoop/hadoop-test/0.20.2/hadoop-test-0.20.2.jar:/home/shivang/.m2/repository/org/apache/ftpserver/ftplet-api/1.0.0/ftplet-api-1.0.0.jar:/home/shivang/.m2/repository/org/apache/mina/mina-core/2.0.0-M5/mina-core-2.0.0-M5.jar:/home/shivang/.m2/repository/org/apache/ftpserver/ftpserver-core/1.0.0/ftpserver-core-1.0.0.jar:/home/shivang/.m2/repository/org/apache/ftpserver/ftpserver-deprecated/1.0.0-M2/ftpserver-deprecated-1.0.0-M2.jar:/home/shivang/.m2/repository/commons-pool/commons-pool/1.5.6/commons-pool-1.5.6.jar:/home/shivang/.m2/repository/org/mockito/mockito-core/1.8.5/mockito-core-1.8.5.jar:/home/shivang/.m2/repository/org/hamcrest/hamcrest-core/1.1/hamcrest-core-1.1.jar:/home/shivang/.m2/repository/org/objenesis/objenesis/1.0/objenesis-1.0.jar:/home/shivang/.m2/repository/org/hibernate/hibernate-core/3.6.7.Final/hibernate-core-3.6.7.Final.jar:/home/shivang/.m2/repository/antlr/antlr/2.7.6/antlr-2.7.6.jar:/home/shivang/.m2/repository/commons-collections/commons-collections/3.1/commons-collections-3.1.jar:/home/shivang/.m2/repository/dom4j/dom4j/1.6.1/dom4j-1.6.1.jar:/home/shivang/.m2/repository/org/hibernate/hibernate-commons-annotations/3.2.0.Final/hibernate-commons-annotations-3.2.0.Final.jar:/home/shivang/.m2/repository/org/hibernate/javax/persistence/hibernate-jpa-2.0-api/1.0.1.Final/hibernate-jpa-2.0-api-1.0.1.Final.jar:/home/shivang/.m2/repository/javax/transaction/jta/1.1/jta-1.1.jar:/home/shivang/.m2/repository/com/google/code/struts2-fullhibernatecore-plugin/1.4-GA/struts2-fullhibernatecore-plugin-1.4-GA.jar:/home/shivang/.m2/repository/org/apache/struts/struts2-core/2.2.3/struts2-core-2.2.3.jar:/home/shivang/.m2/repository/org/apache/struts/xwork/xwork-core/2.2.3/xwork-core-2.2.3.jar:/home/shivang/.m2/repository/ognl/ognl/3.0.1/ognl-3.0.1.jar:/home/shivang/.m2/repository/javassist/javassist/3.11.0.GA/javassist-3.11.0.GA.jar:/home/shivang/.m2/repository/asm/asm-commons/3.1/asm-commons-3.1.jar:/home/shivang/.m2/repository/asm/asm-tree/3.1/asm-tree-3.1.jar:/home/shivang/.m2/repository/org/freemarker/freemarker/2.3.16/freemarker-2.3.16.jar:/home/shivang/.m2/repository/commons-fileupload/commons-fileupload/1.2.2/commons-fileupload-1.2.2.jar:/home/shivang/.m2/repository/commons-io/commons-io/2.0.1/commons-io-2.0.1.jar:/usr/lib/jvm/java-6-openjdk/jre/../lib/tools.jar:/home/shivang/.m2/repository/org/apache/struts/struts2-json-plugin/2.2.3/struts2-json-plugin-2.2.3.jar:/home/shivang/.m2/repository/junit/junit/4.10/junit-4.10.jar:/home/shivang/.m2/repository/mysql/mysql-connector-java/5.1.17/mysql-connector-java-5.1.17.jar:/home/shivang/.m2/repository/org/hibernate/hibernate-c3p0/3.6.7.Final/hibernate-c3p0-3.6.7.Final.jar:/home/shivang/.m2/repository/c3p0/c3p0/0.9.1/c3p0-0.9.1.jar:/home/shivang/.m2/repository/net/sf/ehcache/ehcache-core/2.4.5/ehcache-core-2.4.5.jar:/home/shivang/.m2/repository/org/hibernate/hibernate-validator/3.1.0.GA/hibernate-validator-3.1.0.GA.jar:"/>
    <property name="java.vm.specification.version" value="1.0"/>
    <property name="sun.arch.data.model" value="64"/>
    <property name="java.home" value="/usr/lib/jvm/java-6-openjdk/jre"/>
    <property name="sun.java.command" value="/tmp/surefirebooter5490268275188652732.jar /tmp/surefire1393554423474882946tmp /tmp/surefire1761685239936490954tmp"/>
    <property name="java.specification.vendor" value="Sun Microsystems Inc."/>
    <property name="user.language" value="en"/>
    <property name="java.vm.info" value="mixed mode"/>
    <property name="java.version" value="1.6.0_22"/>
    <property name="java.ext.dirs" value="/usr/lib/jvm/java-6-openjdk/jre/lib/ext:/usr/java/packages/lib/ext"/>
    <property name="sun.boot.class.path" value="/usr/lib/jvm/java-6-openjdk/jre/lib/resources.jar:/usr/lib/jvm/java-6-openjdk/jre/lib/rt.jar:/usr/lib/jvm/java-6-openjdk/jre/lib/sunrsasign.jar:/usr/lib/jvm/java-6-openjdk/jre/lib/jsse.jar:/usr/lib/jvm/java-6-openjdk/jre/lib/jce.jar:/usr/lib/jvm/java-6-openjdk/jre/lib/charsets.jar:/usr/lib/jvm/java-6-openjdk/jre/lib/netx.jar:/usr/lib/jvm/java-6-openjdk/jre/lib/plugin.jar:/usr/lib/jvm/java-6-openjdk/jre/lib/rhino.jar:/usr/lib/jvm/java-6-openjdk/jre/lib/modules/jdk.boot.jar:/usr/lib/jvm/java-6-openjdk/jre/classes"/>
    <property name="java.vendor" value="Sun Microsystems Inc."/>
    <property name="localRepository" value="/home/shivang/.m2/repository"/>
    <property name="file.separator" value="/"/>
    <property name="java.vendor.url.bug" value="http://java.sun.com/cgi-bin/bugreport.cgi"/>
    <property name="sun.cpu.endian" value="little"/>
    <property name="sun.io.unicode.encoding" value="UnicodeLittle"/>
    <property name="sun.desktop" value="gnome"/>
    <property name="sun.cpu.isalist" value=""/>
  </properties>
  <testcase time="0.141" classname="co.nubetech.crux.server.filter.types.TestSubBinarySuffixComparator" name="testReadFields"/>
  <testcase time="0" classname="co.nubetech.crux.server.filter.types.TestSubBinarySuffixComparator" name="testWriteFields"/>
  <testcase time="0" classname="co.nubetech.crux.server.filter.types.TestSubBinarySuffixComparator" name="testCompareToWithEqualLength"/>
  <testcase time="0" classname="co.nubetech.crux.server.filter.types.TestSubBinarySuffixComparator" name="testCompareToWithZeroLength"/>
  <testcase time="0.001" classname="co.nubetech.crux.server.filter.types.TestSubBinarySuffixComparator" name="testCompareToWithLessLength"/>
  <testcase time="0" classname="co.nubetech.crux.server.filter.types.TestSubBinarySuffixComparator" name="testCompareToWithGreaterLength"/>
  <testcase time="0.001" classname="co.nubetech.crux.server.filter.types.TestSubBinarySuffixComparator" name="testCompareToWithInCorrectLength"/>
  <testcase time="0" classname="co.nubetech.crux.server.filter.types.TestSubBinarySuffixComparator" name="testCompareToWithNullValue"/>
  <testcase time="0" classname="co.nubetech.crux.server.filter.types.TestSubBinarySuffixComparator" name="testCompareToWithNullValueToCompare"/>
  <testcase time="0.001" classname="co.nubetech.crux.server.filter.types.TestSubBinarySuffixComparator" name="testCompareToWithLengthNeg"/>
  <testcase time="0.001" classname="co.nubetech.crux.server.filter.types.TestSubBinarySuffixComparator" name="testCompareToWithNegativeOneLength"/>
</testsuite>